C51 COMPILER V9.52.0.0   HWK5                                                              06/06/2015 14:00:59 PAGE 1   


C51 COMPILER V9.52.0.0, COMPILATION OF MODULE HWK5
OBJECT MODULE PLACED IN Hwk5.OBJ
COMPILER INVOKED BY: D:\Program Files (x86)\keil\C51\BIN\C51.EXE Hwk5.c BROWSE DEBUG OBJECTEXTEND TABS(2)

line level    source

*** WARNING C500 IN LINE 1 OF Hwk5.c: LICENSE ERROR (R207(3): REGISTRY READ ERROR)

   1          #include<reg51.h>
   2          #include<MAX7219.h>
   3          sbit Sounder=P3^7;
   4          unsigned int Time=30;
   5          unsigned int intertimes;
   6          unsigned int start=0;
   7          void delay(unsigned int z){
   8   1        unsigned int x, y;
   9   1        for(x=z;x>0;x--)
  10   1        for(y=110;y>0;y--);
  11   1      }
  12          void Voice(unsigned char Tone){
  13   1        unsigned long i;
  14   1        Sounder=0;
  15   1        for(i=500/Tone;i>0;i--){
  16   2          Sounder=~Sounder;
  17   2          delay(Tone);
  18   2        }
  19   1        Sounder=0;
  20   1      }
  21          unsigned int Get10(unsigned int Number){//得到十位
  22   1        return(Number/10);
  23   1      }
  24          unsigned int Get1(unsigned int Number){
  25   1        return(Number%10);
  26   1      }
  27          void InitialiseTimer0(){
  28   1        TMOD=0x01;//设置T0工作在方式1
  29   1        TL0=0xAF;
  30   1        TH0=0x3C;//装入初值 50ms
  31   1        intertimes=20;//1s
  32   1        PT0=0;//低优先级
  33   1        ET0=1;//允许T0中断
  34   1        TR0=1;//启动T0
  35   1        EA=0;//总中断
  36   1      }
  37          void Timer0Processer(void) interrupt 1{
  38   1        TL0=0xAF;
  39   1        TH0=0x3C;//装入初值 50ms
  40   1        intertimes--;
  41   1        if(intertimes==0){
  42   2          intertimes=20;
  43   2          Time--;
  44   2          Max7219Sign(0,Get10(Time));
  45   2          Max7219Sign(1,Get1(Time));
  46   2          if(Time==0){
  47   3            start=0;
  48   3            Voice(3);
  49   3            InitialiseTimer0();
  50   3          }
  51   2        }
  52   1        
  53   1      }
  54          void ResetTimes(){
C51 COMPILER V9.52.0.0   HWK5                                                              06/06/2015 14:00:59 PAGE 2   

  55   1        Time=30;
  56   1        Max7219Sign(0,Get10(Time));
  57   1        Max7219Sign(1,Get1(Time));
  58   1      }
  59          void main(void){
  60   1        P1=0xff;
  61   1        InitialiseMax7219();
*** WARNING C206 IN LINE 61 OF Hwk5.c: 'InitialiseMax7219': missing function-prototype
  62   1        ResetTimes();
  63   1        InitialiseTimer0();
  64   1        P1=0xff;
  65   1        while(1){
  66   2          if(P2!=0xff){//开始按钮和设置按钮
  67   3            P2=0xff;
  68   3            delay(10);
  69   3            if(P2==0xFE&&start==0){//设置时间
  70   4              InitialiseTimer0();
  71   4              ResetTimes();
  72   4              Max7219Sign(3,0);
  73   4            }
  74   3            if(P2==0xfd){//开始/停止
  75   4              if(start==0){//按下开始
  76   5                start=1;
  77   5                ResetTimes();
  78   5                EA=1;
  79   5                Voice(3);
  80   5              }
  81   4              else{//停止
  82   5                start=0;
  83   5                InitialiseTimer0();
  84   5                Voice(3);
  85   5              }
  86   4            }
  87   3            while(P2!=0xff);
  88   3          }
  89   2          if(start){
  90   3            if(P1!=0xff){
  91   4              delay(10);
  92   4              if(P1!=0xff){
  93   5                switch(P1){
  94   6                  case 0x7F:Max7219Sign(3,8);break;
  95   6                  case 0xBF:Max7219Sign(3,7);break;
  96   6                  case 0xDF:Max7219Sign(3,6);break;
  97   6                  case 0xEf:Max7219Sign(3,5);break;
  98   6                  case 0xF7:Max7219Sign(3,4);break;
  99   6                  case 0xFB:Max7219Sign(3,3);break;
 100   6                  case 0xFD:Max7219Sign(3,2);break;
 101   6                  case 0xFE:Max7219Sign(3,1);break;
 102   6                }
 103   5                Voice(1);
 104   5                start=0;
 105   5                InitialiseTimer0();
 106   5              }
 107   4            }
 108   3          }
 109   2        }
 110   1      }


MODULE INFORMATION:   STATIC OVERLAYABLE
   CODE SIZE        =    547    ----
   CONSTANT SIZE    =   ----    ----
C51 COMPILER V9.52.0.0   HWK5                                                              06/06/2015 14:00:59 PAGE 3   

   XDATA SIZE       =   ----    ----
   PDATA SIZE       =   ----    ----
   DATA SIZE        =      6       5
   IDATA SIZE       =   ----    ----
   BIT SIZE         =   ----    ----
END OF MODULE INFORMATION.


C51 COMPILATION COMPLETE.  2 WARNING(S),  0 ERROR(S)
