C51 COMPILER V9.52.0.0   DS18B20                                                           06/05/2015 15:45:39 PAGE 1   


C51 COMPILER V9.52.0.0, COMPILATION OF MODULE DS18B20
OBJECT MODULE PLACED IN DS18B20.OBJ
COMPILER INVOKED BY: D:\Program Files (x86)\keil\C51\BIN\C51.EXE DS18B20.c BROWSE DEBUG OBJECTEXTEND TABS(2)

line level    source

*** WARNING C500 IN LINE 1 OF DS18B20.c: LICENSE ERROR (R207(3): REGISTRY READ ERROR)

   1          #include<DS18B20.h>
   2          #include"reg51.h"
   3          sbit DsPort=P1^6;
   4          void Delayus(unsigned int num){
   5   1        while(num--);
   6   1      }
   7           
   8          /******************************************************
   9           
  10          函数名称：void InitialiseDS18B20(void)
  11           
  12          返回值：无
  13           
  14          参数：无
  15           
  16          作用：初始化18B20
  17           
  18          *******************************************************/
  19           
  20          void InitialiseDS18B20(void){
  21   1        char x=0;
  22   1        DsPort=1;
  23   1        Delayus(10);//稍作延时
  24   1        DsPort=0;
  25   1        Delayus(80);//延时>480us 540us
  26   1        DsPort=1; //拉高总线 15-60us
  27   1        Delayus(20);
  28   1        x=DsPort;//读总线状态 为0复位成功，为1则不成功
  29   1        Delayus(30);
  30   1        DsPort=1;//释放总线
  31   1      }
  32          /******************************************************
  33          函数名称：unsigned char ReadOneChar(void)
  34          返回值：unsigned char Data
  35          参数： 无
  36          作用：读取1820一个字节
  37          *******************************************************/
  38          unsigned char ReadOneChar(void)
  39          {
  40   1      unsigned char i;
  41   1      unsigned char Data=0;
  42   1      for(i=0;i<8;i++)
  43   1      {
  44   2      DsPort=0;
  45   2      Data>>=1;
  46   2      DsPort=1;//给脉冲
  47   2      if(DsPort)
  48   2      {Data|=0x80;}//读1 /// 读0右移处理
  49   2      Delayus(8);//15us内读完一个数
  50   2      }
  51   1      return(Data);
  52   1      }
  53          /******************************************************
  54          函数名称：void WriteOneChar(unsigned char Data)
C51 COMPILER V9.52.0.0   DS18B20                                                           06/05/2015 15:45:39 PAGE 2   

  55          返回值：无
  56          参数： unsigned char Data
  57          作用：向1820写一个字节
  58          *******************************************************/
  59          /////****写DS18B20***/
  60          //写0 60us读完，写1 30us 内读完
  61           
  62          void WriteOneChar(unsigned char Data)
  63          {
  64   1        unsigned char i=0;
  65   1        for(i=0;i<8;i++){
  66   2          DsPort=0;
  67   2          DsPort=Data&0x01;//写所给数据最低位
  68   2          Delayus(10);
  69   2          ///////////
  70   2          DsPort=1;//给脉冲
  71   2          Data>>=1;
  72   2        }
  73   1        Delayus(8);
  74   1      }
  75          /******************************************************
  76          函数名称：int ReadOneTemperature(void)
  77          返回值：int t
  78          参数： 无
  79          作用：读温度值
  80          *******************************************************/
  81          ////////***读取温度值***********/
  82          //// 每次读写均要先复位
  83          int ReadOneTemperature(void){
  84   1        unsigned char a=0;
  85   1        unsigned char b=0;
  86   1        float tep=0;
  87   1        int t;
  88   1        InitialiseDS18B20();
  89   1        WriteOneChar(0xcc);//发跳过ROM命令
  90   1        WriteOneChar(0x44);//发读开始转换命令
  91   1        InitialiseDS18B20();
  92   1        WriteOneChar(0xcc);//发跳过ROM命令
  93   1        WriteOneChar(0xbe);//读寄存器，共九字节，前两字节为转换值
  94   1        a=ReadOneChar(); //a存低字节
  95   1        b=ReadOneChar(); //b存高字节
  96   1        t=b;
  97   1        t<<=8;//高字节转换为10进制
  98   1        t=t|a;
  99   1        tep=t*0.0625;//转换精度为0.0625/LSB
 100   1        t=tep*10+0.5;//保留1位小数并四舍五入****后面除10还原正确温度值）
 101   1        return(t);
 102   1      }
 103          /******************************************************
 104          函数名称：uint Temperaturepro(void)
 105          返回值：void
 106          参数： void
 107          作用：温度处理
 108          *******************************************************/
 109          void Temperaturepro(unsigned char* data TempBuf){
 110   1        int temp;
 111   1        EA=0;//关闭中断
 112   1        temp=ReadOneTemperature();
 113   1        EA=1;
 114   1        TempBuf[3]=temp/1000;//百位
 115   1        TempBuf[2]=temp/100%10;//十位
 116   1        TempBuf[1]=temp%100/10; //个位
C51 COMPILER V9.52.0.0   DS18B20                                                           06/05/2015 15:45:39 PAGE 3   

 117   1        TempBuf[0]=temp%10; //小数
 118   1      }


MODULE INFORMATION:   STATIC OVERLAYABLE
   CODE SIZE        =    350    ----
   CONSTANT SIZE    =   ----    ----
   XDATA SIZE       =   ----    ----
   PDATA SIZE       =   ----    ----
   DATA SIZE        =   ----       9
   IDATA SIZE       =   ----    ----
   BIT SIZE         =   ----    ----
END OF MODULE INFORMATION.


C51 COMPILATION COMPLETE.  1 WARNING(S),  0 ERROR(S)
